2024-02-26T03:05:14.615Z|0x9bac|Using pre-set license
2024-02-26T03:05:14.616Z|0x9bac|Built from '2022.3/staging' branch; Version is '2022.3.8f1 (b5eafc012955) revision 11922172'; Using compiler version '192829333'; Build Type 'Release'
2024-02-26T03:05:14.616Z|0x9bac|OS: 'Windows 10  (10.0.19045) 64bit Core' Language: 'en' Physical Memory: 16083 MB
2024-02-26T03:05:14.616Z|0x9bac|BatchMode: 1, IsHumanControllingUs: 0, StartBugReporterOnCrash: 0, Is64bit: 1, IsPro: 1
2024-02-26T03:05:14.625Z|0x9bac|
COMMAND LINE ARGUMENTS:
2024-02-26T03:05:14.625Z|0x9bac|C:\Program Files\Unity\Hub\Editor\2022.3.8f1\Editor\Unity.exe
2024-02-26T03:05:14.626Z|0x9bac|-adb2
2024-02-26T03:05:14.626Z|0x9bac|-batchMode
2024-02-26T03:05:14.626Z|0x9bac|-noUpm
2024-02-26T03:05:14.626Z|0x9bac|-name
2024-02-26T03:05:14.626Z|0x9bac|AssetImportWorker0
2024-02-26T03:05:14.626Z|0x9bac|-projectPath
2024-02-26T03:05:14.626Z|0x9bac|C:/REPO/AIE-GameJamGame
2024-02-26T03:05:14.626Z|0x9bac|-logFile
2024-02-26T03:05:14.626Z|0x9bac|Logs/AssetImportWorker0.log
2024-02-26T03:05:14.626Z|0x9bac|-srvPort
2024-02-26T03:05:14.626Z|0x9bac|60947
2024-02-26T03:05:14.626Z|0x9bac|Successfully changed project path to: C:/REPO/AIE-GameJamGame
2024-02-26T03:05:14.661Z|0x9bac|C:/REPO/AIE-GameJamGame
2024-02-26T03:05:14.663Z|0x9bac|[UnityMemory] Configuration Parameters - Can be set up in boot.config
2024-02-26T03:05:14.663Z|0x9bac|    "memorysetup-bucket-allocator-granularity=16"
2024-02-26T03:05:14.663Z|0x9bac|    "memorysetup-bucket-allocator-bucket-count=8"
2024-02-26T03:05:14.663Z|0x9bac|    "memorysetup-bucket-allocator-block-size=33554432"
2024-02-26T03:05:14.663Z|0x9bac|    "memorysetup-bucket-allocator-block-count=8"
2024-02-26T03:05:14.663Z|0x9bac|    "memorysetup-main-allocator-block-size=16777216"
2024-02-26T03:05:14.663Z|0x9bac|    "memorysetup-thread-allocator-block-size=16777216"
2024-02-26T03:05:14.663Z|0x9bac|    "memorysetup-gfx-main-allocator-block-size=16777216"
2024-02-26T03:05:14.663Z|0x9bac|    "memorysetup-gfx-thread-allocator-block-size=16777216"
2024-02-26T03:05:14.663Z|0x9bac|    "memorysetup-cache-allocator-block-size=4194304"
2024-02-26T03:05:14.663Z|0x9bac|    "memorysetup-typetree-allocator-block-size=2097152"
2024-02-26T03:05:14.663Z|0x9bac|    "memorysetup-profiler-bucket-allocator-granularity=16"
2024-02-26T03:05:14.663Z|0x9bac|    "memorysetup-profiler-bucket-allocator-bucket-count=8"
2024-02-26T03:05:14.663Z|0x9bac|    "memorysetup-profiler-bucket-allocator-block-size=33554432"
2024-02-26T03:05:14.663Z|0x9bac|    "memorysetup-profiler-bucket-allocator-block-count=8"
2024-02-26T03:05:14.663Z|0x9bac|    "memorysetup-profiler-allocator-block-size=16777216"
2024-02-26T03:05:14.663Z|0x9bac|    "memorysetup-profiler-editor-allocator-block-size=1048576"
2024-02-26T03:05:14.663Z|0x9bac|    "memorysetup-temp-allocator-size-main=16777216"
2024-02-26T03:05:14.663Z|0x9bac|    "memorysetup-job-temp-allocator-block-size=2097152"
2024-02-26T03:05:14.663Z|0x9bac|    "memorysetup-job-temp-allocator-block-size-background=1048576"
2024-02-26T03:05:14.663Z|0x9bac|    "memorysetup-job-temp-allocator-reduction-small-platforms=262144"
2024-02-26T03:05:14.663Z|0x9bac|    "memorysetup-allocator-temp-initial-block-size-main=262144"
2024-02-26T03:05:14.663Z|0x9bac|    "memorysetup-allocator-temp-initial-block-size-worker=262144"
2024-02-26T03:05:14.663Z|0x9bac|    "memorysetup-temp-allocator-size-background-worker=32768"
2024-02-26T03:05:14.663Z|0x9bac|    "memorysetup-temp-allocator-size-job-worker=262144"
2024-02-26T03:05:14.663Z|0x9bac|    "memorysetup-temp-allocator-size-preload-manager=33554432"
2024-02-26T03:05:14.663Z|0x9bac|    "memorysetup-temp-allocator-size-nav-mesh-worker=65536"
2024-02-26T03:05:14.663Z|0x9bac|    "memorysetup-temp-allocator-size-audio-worker=65536"
2024-02-26T03:05:14.663Z|0x9bac|    "memorysetup-temp-allocator-size-cloud-worker=32768"
2024-02-26T03:05:14.663Z|0x9bac|    "memorysetup-temp-allocator-size-gi-baking-worker=262144"
2024-02-26T03:05:14.663Z|0x9bac|    "memorysetup-temp-allocator-size-gfx=262144"
2024-02-26T03:05:14.684Z|0x9bac|Player connection [39852] Host "[IP] 192.168.0.117 [Port] 0 [Flags] 2 [Guid] 1246462391 [EditorId] 1246462391 [Version] 1048832 [Id] WindowsEditor(7,BigBoii) [Debug] 1 [PackageName] WindowsEditor [ProjectName] Editor" joined multi-casting on [225.0.0.222:54997]...

2024-02-26T03:05:14.685Z|0x9bac|Player connection [39852] Host "[IP] 192.168.0.117 [Port] 0 [Flags] 2 [Guid] 1246462391 [EditorId] 1246462391 [Version] 1048832 [Id] WindowsEditor(7,BigBoii) [Debug] 1 [PackageName] WindowsEditor [ProjectName] Editor" joined alternative multi-casting on [225.0.0.222:34997]...

2024-02-26T03:05:14.691Z|0x9bac|[Physics::Module] Initialized MultithreadedJobDispatcher with 3 workers.
2024-02-26T03:05:14.842Z|0x9bac|Refreshing native plugins compatible for Editor in 13.89 ms, found 3 plugins.
2024-02-26T03:05:14.842Z|0x9bac|Preloading 0 native plugins for Editor in 0.00 ms.
2024-02-26T03:05:14.843Z|0x9bac|Initialize engine version: 2022.3.8f1 (b5eafc012955)
2024-02-26T03:05:14.843Z|0x9bac|[Subsystems] Discovering subsystems at path C:/Program Files/Unity/Hub/Editor/2022.3.8f1/Editor/Data/Resources/UnitySubsystems
2024-02-26T03:05:14.843Z|0x9bac|[Subsystems] Discovering subsystems at path C:/REPO/AIE-GameJamGame/Assets
2024-02-26T03:05:14.844Z|0x9bac|GfxDevice: creating device client; threaded=0; jobified=0
2024-02-26T03:05:15.060Z|0x9bac|Direct3D:
2024-02-26T03:05:15.060Z|0x9bac|    Version:  Direct3D 11.0 [level 11.1]
2024-02-26T03:05:15.060Z|0x9bac|    Renderer: NVIDIA GeForce RTX 2070 (ID=0x1f02)
2024-02-26T03:05:15.060Z|0x9bac|    Vendor:   NVIDIA
2024-02-26T03:05:15.060Z|0x9bac|    VRAM:     8019 MB
2024-02-26T03:05:15.060Z|0x9bac|    Driver:   31.0.15.3742
2024-02-26T03:05:15.142Z|0x9bac|Initialize mono
2024-02-26T03:05:15.142Z|0x9bac|Mono path[0] = 'C:/Program Files/Unity/Hub/Editor/2022.3.8f1/Editor/Data/Managed'
2024-02-26T03:05:15.142Z|0x9bac|Mono path[1] = 'C:/Program Files/Unity/Hub/Editor/2022.3.8f1/Editor/Data/MonoBleedingEdge/lib/mono/unityjit-win32'
2024-02-26T03:05:15.142Z|0x9bac|Mono config path = 'C:/Program Files/Unity/Hub/Editor/2022.3.8f1/Editor/Data/MonoBleedingEdge/etc'
2024-02-26T03:05:15.143Z|0x9bac|Using monoOptions --debugger-agent=transport=dt_socket,embedding=1,server=y,suspend=n,address=127.0.0.1:56364
2024-02-26T03:05:15.214Z|0x9bac|Begin MonoManager ReloadAssembly
2024-02-26T03:05:15.460Z|0x9bac|Registering precompiled unity dll's ...
2024-02-26T03:05:15.465Z|0x9bac|Register platform support module: C:/Program Files/Unity/Hub/Editor/2022.3.8f1/Editor/Data/PlaybackEngines/WebGLSupport/UnityEditor.WebGL.Extensions.dll
2024-02-26T03:05:15.469Z|0x9bac|Register platform support module: C:/Program Files/Unity/Hub/Editor/2022.3.8f1/Editor/Data/PlaybackEngines/AndroidPlayer/UnityEditor.Android.Extensions.dll
2024-02-26T03:05:15.477Z|0x9bac|Register platform support module: C:/Program Files/Unity/Hub/Editor/2022.3.8f1/Editor/Data/PlaybackEngines/WindowsStandaloneSupport/UnityEditor.WindowsStandalone.Extensions.dll
2024-02-26T03:05:15.484Z|0x9bac|Registered in 0.023474 seconds.
2024-02-26T03:05:15.734Z|0x9bac|- Loaded All Assemblies, in  0.520 seconds
2024-02-26T03:05:15.805Z|0x9bac|Native extension for WindowsStandalone target not found
2024-02-26T03:05:15.811Z|0x9bac|Native extension for Android target not found
2024-02-26T03:05:16.597Z|0x9bac|Android Extension - Scanning For ADB Devices 678 ms2024-02-26T03:05:16.597Z|0x9bac|
2024-02-26T03:05:16.641Z|0x9bac|Native extension for WebGL target not found
2024-02-26T03:05:16.852Z|0x9bac|Mono: successfully reloaded assembly
2024-02-26T03:05:16.870Z|0x9bac|- Finished resetting the current domain, in  1.136 seconds
2024-02-26T03:05:16.870Z|0x9bac|Domain Reload Profiling: 1653ms
	BeginReloadAssembly (161ms)
		ExecutionOrderSort (0ms)
		DisableScriptedObjects (0ms)
		BackupInstance (0ms)
		ReleaseScriptingObjects (0ms)
		CreateAndSetChildDomain (1ms)
	RebuildCommonClasses (45ms)
	RebuildNativeTypeToScriptingClass (16ms)
	initialDomainReloadingComplete (93ms)
	LoadAllAssembliesAndSetupDomain (202ms)
		LoadAssemblies (159ms)
		RebuildTransferFunctionScriptingTraits (0ms)
		AnalyzeDomain (198ms)
			TypeCache.Refresh (196ms)
				TypeCache.ScanAssembly (178ms)
			ScanForSourceGeneratedMonoScriptInfo (1ms)
			ResolveRequiredComponents (1ms)
	FinalizeReload (1136ms)
		ReleaseScriptCaches (0ms)
		RebuildScriptCaches (0ms)
		SetupLoadedEditorAssemblies (1063ms)
			LogAssemblyErrors (0ms)
			InitializePlatformSupportModulesInManaged (852ms)
			SetLoadedEditorAssemblies (5ms)
			RefreshPlugins (0ms)
			BeforeProcessingInitializeOnLoad (2ms)
			ProcessInitializeOnLoadAttributes (145ms)
			ProcessInitializeOnLoadMethodAttributes (58ms)
			AfterProcessingInitializeOnLoad (0ms)
			EditorAssembliesLoaded (0ms)
		ExecutionOrderSort2 (0ms)
		AwakeInstancesAfterBackupRestoration (0ms)
2024-02-26T03:05:17.057Z|0x9bac|========================================================================
2024-02-26T03:05:17.057Z|0x9bac|Worker process is ready to serve import requests
2024-02-26T03:05:18.012Z|0x9bac|Begin MonoManager ReloadAssembly
2024-02-26T03:05:18.753Z|0x9bac|- Loaded All Assemblies, in  0.741 seconds
2024-02-26T03:05:18.760Z|0x9bac|Refreshing native plugins compatible for Editor in 6.64 ms, found 3 plugins.
2024-02-26T03:05:18.998Z|0x9bac|Native extension for WindowsStandalone target not found
2024-02-26T03:05:19.004Z|0x9bac|Native extension for Android target not found
2024-02-26T03:05:19.026Z|0x9bac|Native extension for WebGL target not found
2024-02-26T03:05:19.739Z|0x9bac|Package Manager log level set to [2]
2024-02-26T03:05:19.739Z|0x9bac|[Package Manager] Server::EnsureServerProcessIsRunning -- launch failed, reason: Unity was launched with the -noUpm command-line argument
2024-02-26T03:05:19.739Z|0x9bac|[Package Manager] UpmClient::Send -- Unable to send message (not connected to UPM process).
2024-02-26T03:05:19.739Z|0x9bac|[Package Manager] Cannot connect to Unity Package Manager local server
2024-02-26T03:05:19.820Z|0x9bac|Mono: successfully reloaded assembly
2024-02-26T03:05:19.850Z|0x9bac|- Finished resetting the current domain, in  1.086 seconds
2024-02-26T03:05:19.851Z|0x9bac|Domain Reload Profiling: 1822ms
	BeginReloadAssembly (175ms)
		ExecutionOrderSort (0ms)
		DisableScriptedObjects (7ms)
		BackupInstance (0ms)
		ReleaseScriptingObjects (0ms)
		CreateAndSetChildDomain (22ms)
	RebuildCommonClasses (39ms)
	RebuildNativeTypeToScriptingClass (12ms)
	initialDomainReloadingComplete (50ms)
	LoadAllAssembliesAndSetupDomain (460ms)
		LoadAssemblies (341ms)
		RebuildTransferFunctionScriptingTraits (0ms)
		AnalyzeDomain (221ms)
			TypeCache.Refresh (192ms)
				TypeCache.ScanAssembly (171ms)
			ScanForSourceGeneratedMonoScriptInfo (23ms)
			ResolveRequiredComponents (5ms)
	FinalizeReload (1086ms)
		ReleaseScriptCaches (0ms)
		RebuildScriptCaches (0ms)
		SetupLoadedEditorAssemblies (825ms)
			LogAssemblyErrors (0ms)
			InitializePlatformSupportModulesInManaged (40ms)
			SetLoadedEditorAssemblies (4ms)
			RefreshPlugins (0ms)
			BeforeProcessingInitializeOnLoad (94ms)
			ProcessInitializeOnLoadAttributes (639ms)
			ProcessInitializeOnLoadMethodAttributes (26ms)
			AfterProcessingInitializeOnLoad (21ms)
			EditorAssembliesLoaded (0ms)
		ExecutionOrderSort2 (0ms)
		AwakeInstancesAfterBackupRestoration (9ms)
2024-02-26T03:05:20.221Z|0x9bac|Launched and connected shader compiler UnityShaderCompiler.exe after 0.22 seconds
2024-02-26T03:05:20.291Z|0x9bac|Refreshing native plugins compatible for Editor in 4.71 ms, found 3 plugins.
2024-02-26T03:05:20.291Z|0x9bac|Preloading 0 native plugins for Editor in 0.00 ms.
2024-02-26T03:05:20.317Z|0x772c|Unloading 3087 Unused Serialized files (Serialized files now loaded: 0)
2024-02-26T03:05:20.321Z|0x9bac|Unloading 31 unused Assets / (56.4 KB). Loaded Objects now: 3553.
Memory consumption went from 123.1 MB to 123.0 MB.
2024-02-26T03:05:20.321Z|0x9bac|Total: 3.959100 ms (FindLiveObjects: 0.236600 ms CreateObjectMapping: 0.198800 ms MarkObjects: 3.377000 ms  DeleteObjects: 0.145200 ms)

2024-02-26T03:05:20.329Z|0x9bac|AssetImportParameters requested are different than current active one (requested -> active):
2024-02-26T03:05:20.329Z|0x9bac|  custom:container-demuxer-ogg: 62fdf1f143b41e24485cea50d1cbac27 -> 
2024-02-26T03:05:20.330Z|0x9bac|  custom:video-decoder-ogg-theora: a1e56fd34408186e4bbccfd4996cb3dc -> 
2024-02-26T03:05:20.330Z|0x9bac|  custom:framework-win-MediaFoundation: 216162199b28c13a410421893ffa2e32 -> 
2024-02-26T03:05:20.330Z|0x9bac|  custom:CustomObjectIndexerAttribute: 756ad292c208cfabdd7b50bc23989ffe -> 
2024-02-26T03:05:20.330Z|0x9bac|  custom:container-demuxer-webm: 4f35f7cbe854078d1ac9338744f61a02 -> 
2024-02-26T03:05:20.330Z|0x9bac|  custom:container-muxer-webm: aa71ff27fc2769a1b78a27578f13a17b -> 
2024-02-26T03:05:20.330Z|0x9bac|  custom:video-decoder-webm-vp8: 9c59270c3fd7afecdb556c50c9e8de78 -> 
2024-02-26T03:05:20.330Z|0x9bac|  custom:SearchIndexIgnoredProperties: e643bd26f0fe6173181afceb89e7c659 -> 
2024-02-26T03:05:20.330Z|0x9bac|  custom:AudioImporter_EditorPlatform: d09bf68614088b80899f8185d706f6e7 -> 
2024-02-26T03:05:20.330Z|0x9bac|  custom:video-encoder-webm-vp8: eb34c28f22e8b96e1ab97ce403110664 -> 
2024-02-26T03:05:20.330Z|0x9bac|  custom:audio-decoder-ogg-vorbis: bf7c407c2cedff20999df2af8eb42d56 -> 
2024-02-26T03:05:20.330Z|0x9bac|  custom:audio-encoder-webm-vorbis: bf7c407c2cedff20999df2af8eb42d56 -> 
2024-02-26T03:05:20.330Z|0x9bac|========================================================================
Received Import Request.
  Time since last request: 2216755.539296 seconds.
  path: Assets/Prefabs/Proto-Player.prefab
  artifactKey: Guid(ff3517864ccbd8040ada835aff8e6bbd) Importer(815301076,1909f56bfc062723c751e8b465ee728b)
2024-02-26T03:05:20.331Z|0x9bac|Start importing Assets/Prefabs/Proto-Player.prefab using Guid(ff3517864ccbd8040ada835aff8e6bbd) Importer(815301076,1909f56bfc062723c751e8b465ee728b) 2024-02-26T03:05:20.466Z|0x9bac| -> (artifact id: '7cee95b18ae6ee43d8545f671d96e5eb') in 0.134635 seconds
2024-02-26T03:05:20.467Z|0x9bac|Number of updated asset objects reloaded before import = 0
Number of asset objects unloaded after import = 15
